<?xml version="1.0" encoding="UTF-8"?>
<testsuites>
  <testsuite name="fastlane.lanes">
    
    
    
      
      <testcase classname="fastlane.lanes" name="0: default_platform" time="0.000284">
        
      </testcase>
    
      
      <testcase classname="fastlane.lanes" name="1: Switch to android bump_version_code lane" time="0.000647">
        
      </testcase>
    
      
      <testcase classname="fastlane.lanes" name="2: flutter build appbundle --build-number\=2" time="56.574391">
        
          <failure message="/Library/Ruby/Gems/2.6.0/gems/fastlane-2.210.1/fastlane/lib/fastlane/actions/actions_helper.rb:67:in `execute_action'&#10;/Library/Ruby/Gems/2.6.0/gems/fastlane-2.210.1/fastlane/lib/fastlane/fast_file.rb:222:in `sh'&#10;/Library/Ruby/Gems/2.6.0/gems/fastlane-2.210.1/fastlane/lib/fastlane/fast_file.rb:216:in `sh'&#10;Fastfile:40:in `block (2 levels) in parsing_binding'&#10;/Library/Ruby/Gems/2.6.0/gems/fastlane-2.210.1/fastlane/lib/fastlane/lane.rb:33:in `call'&#10;/Library/Ruby/Gems/2.6.0/gems/fastlane-2.210.1/fastlane/lib/fastlane/runner.rb:49:in `block in execute'&#10;/Library/Ruby/Gems/2.6.0/gems/fastlane-2.210.1/fastlane/lib/fastlane/runner.rb:45:in `chdir'&#10;/Library/Ruby/Gems/2.6.0/gems/fastlane-2.210.1/fastlane/lib/fastlane/runner.rb:45:in `execute'&#10;/Library/Ruby/Gems/2.6.0/gems/fastlane-2.210.1/fastlane/lib/fastlane/lane_manager.rb:47:in `cruise_lane'&#10;/Library/Ruby/Gems/2.6.0/gems/fastlane-2.210.1/fastlane/lib/fastlane/command_line_handler.rb:36:in `handle'&#10;/Library/Ruby/Gems/2.6.0/gems/fastlane-2.210.1/fastlane/lib/fastlane/commands_generator.rb:110:in `block (2 levels) in run'&#10;/Library/Ruby/Gems/2.6.0/gems/commander-4.6.0/lib/commander/command.rb:187:in `call'&#10;/Library/Ruby/Gems/2.6.0/gems/commander-4.6.0/lib/commander/command.rb:157:in `run'&#10;/Library/Ruby/Gems/2.6.0/gems/commander-4.6.0/lib/commander/runner.rb:444:in `run_active_command'&#10;/Library/Ruby/Gems/2.6.0/gems/fastlane-2.210.1/fastlane_core/lib/fastlane_core/ui/fastlane_runner.rb:124:in `run!'&#10;/Library/Ruby/Gems/2.6.0/gems/commander-4.6.0/lib/commander/delegates.rb:18:in `run!'&#10;/Library/Ruby/Gems/2.6.0/gems/fastlane-2.210.1/fastlane/lib/fastlane/commands_generator.rb:354:in `run'&#10;/Library/Ruby/Gems/2.6.0/gems/fastlane-2.210.1/fastlane/lib/fastlane/commands_generator.rb:43:in `start'&#10;/Library/Ruby/Gems/2.6.0/gems/fastlane-2.210.1/fastlane/lib/fastlane/cli_tools_distributor.rb:123:in `take_off'&#10;/Library/Ruby/Gems/2.6.0/gems/fastlane-2.210.1/bin/fastlane:23:in `&lt;top (required)&gt;'&#10;/usr/local/bin/fastlane:23:in `load'&#10;/usr/local/bin/fastlane:23:in `&lt;main&gt;'&#10;&#10;Exit status of command 'flutter build appbundle --build-number\=2' was 1 instead of 0.&#10;Changing current working directory to: /Users/josephmuller/Dev/apps/short_lived&#10;&#10;ðŸ’ª Building with sound null safety ðŸ’ª&#10;&#10;Running Gradle task 'bundleRelease'...                          &#10;Warning: Mapping new ns http://schemas.android.com/repository/android/common/02 to old ns http://schemas.android.com/repository/android/common/01&#10;Warning: Mapping new ns http://schemas.android.com/repository/android/generic/02 to old ns http://schemas.android.com/repository/android/generic/01&#10;Warning: Mapping new ns http://schemas.android.com/sdk/android/repo/addon2/02 to old ns http://schemas.android.com/sdk/android/repo/addon2/01&#10;Warning: Mapping new ns http://schemas.android.com/sdk/android/repo/addon2/03 to old ns http://schemas.android.com/sdk/android/repo/addon2/01&#10;Warning: Mapping new ns http://schemas.android.com/sdk/android/repo/repository2/02 to old ns http://schemas.android.com/sdk/android/repo/repository2/01&#10;Warning: Mapping new ns http://schemas.android.com/sdk/android/repo/repository2/03 to old ns http://schemas.android.com/sdk/android/repo/repository2/01&#10;Warning: Mapping new ns http://schemas.android.com/sdk/android/repo/sys-img2/03 to old ns http://schemas.android.com/sdk/android/repo/sys-img2/01&#10;Warning: Mapping new ns http://schemas.android.com/sdk/android/repo/sys-img2/02 to old ns http://schemas.android.com/sdk/android/repo/sys-img2/01&#10;Warning: unexpected element (uri:&quot;&quot;, local:&quot;extension-level&quot;). Expected elements are &lt;{}codename&gt;,&lt;{}layoutlib&gt;,&lt;{}api-level&gt;&#10;Warning: unexpected element (uri:&quot;&quot;, local:&quot;base-extension&quot;). Expected elements are &lt;{}codename&gt;,&lt;{}layoutlib&gt;,&lt;{}api-level&gt;&#10;Expected to find fonts for (SocialIcons, packages/cupertino_icons/CupertinoIcons, MaterialIcons), but found (MaterialIcons). This usually means you are referring to font families in an IconData class but not including them in the assets section of your pubspec.yaml, are missing the package that would include them, or are missing &quot;uses-material-design: true&quot;.&#10;Note: /Users/josephmuller/.pub-cache/hosted/pub.dartlang.org/firebase_dynamic_links-5.0.5/android/src/main/java/io/flutter/plugins/firebase/dynamiclinks/Utils.java uses or overrides a deprecated API.&#10;Note: Recompile with -Xlint:deprecation for details.&#10;Note: /Users/josephmuller/.pub-cache/hosted/pub.dartlang.org/firebase_dynamic_links-5.0.5/android/src/main/java/io/flutter/plugins/firebase/dynamiclinks/FlutterFirebaseDynamicLinksPlugin.java uses unchecked or unsafe operations.&#10;Note: Recompile with -Xlint:unchecked for details.&#10;Note: /Users/josephmuller/.pub-cache/hosted/pub.dartlang.org/cloud_functions-4.0.4/android/src/main/java/io/flutter/plugins/firebase/functions/FlutterFirebaseFunctionsPlugin.java uses or overrides a deprecated API.&#10;Note: Recompile with -Xlint:deprecation for details.&#10;/Users/josephmuller/.pub-cache/hosted/pub.dartlang.org/sqflite-2.2.0+3/android/src/main/java/com/tekartik/sqflite/Database.java:95: warning: [deprecation] getApplicationInfo(String,int) in PackageManager has been deprecated&#10;            final ApplicationInfo applicationInfo = context.getPackageManager().getApplicationInfo(packageName, PackageManager.GET_META_DATA);&#10;                                                                               ^&#10;1 warning&#10;&#10;FAILURE: Build failed with an exception.&#10;&#10;* What went wrong:&#10;Execution failed for task ':app:validateSigningRelease'.&#10;&gt; Keystore file not set for signing config release&#10;&#10;* Try:&#10;&gt; Run with --stacktrace option to get the stack trace.&#10;&gt; Run with --info or --debug option to get more log output.&#10;&gt; Run with --scan to get full insights.&#10;&#10;* Get more help at https://help.gradle.org&#10;&#10;BUILD FAILED in 53s&#10;Running Gradle task 'bundleRelease'...                             54.6s&#10;Gradle task bundleRelease failed with exit code 1&#10;" />
        
      </testcase>
    
  </testsuite>
</testsuites>
